nohup: ignoring input
Set parameter Username
Set parameter LicenseID to value 2677507
Academic license - for non-commercial use only - expires 2026-06-12
obj:8.634
regret:8.514
sol:[(2, 0), (4, 0), (0, 7), (0, 8), (0, 12), (14, 0), (0, 18), (20, 0), (1, 10), (12, 1), (9, 2), (3, 15), (16, 3), (15, 4), (7, 5), (5, 16), (17, 6), (6, 19), (8, 17), (11, 9), (10, 14), (19, 11), (18, 13), (13, 20)]
obj:4.891999999999998
regret:4.847
sol:[(2, 0), (0, 4), (5, 0), (0, 9), (0, 11), (15, 0), (19, 0), (0, 20), (1, 3), (20, 1), (14, 2), (3, 12), (4, 13), (17, 5), (6, 14), (18, 6), (9, 7), (7, 18), (11, 8), (8, 16), (16, 10), (10, 19), (12, 15), (13, 17)]
obj:5.102
regret:5.042
sol:[(0, 6), (7, 0), (0, 8), (0, 11), (12, 0), (0, 14), (16, 0), (18, 0), (10, 1), (1, 16), (4, 2), (2, 7), (3, 17), (20, 3), (8, 4), (5, 10), (14, 5), (6, 19), (9, 13), (19, 9), (11, 20), (15, 12), (13, 18), (17, 15)]
obj:5.916
regret:5.916000000000004
sol:[(0, 1), (2, 0), (0, 4), (0, 12), (0, 15), (16, 0), (18, 0), (20, 0), (1, 6), (10, 2), (13, 3), (3, 14), (4, 11), (5, 10), (11, 5), (6, 17), (7, 8), (15, 7), (8, 20), (12, 9), (9, 13), (14, 16), (17, 19), (19, 18)]
obj:7.398
regret:7.260000000000003
sol:[(3, 0), (4, 0), (0, 5), (0, 7), (8, 0), (0, 11), (0, 14), (15, 0), (16, 0), (0, 20), (1, 19), (20, 1), (5, 2), (2, 10), (10, 3), (12, 4), (6, 13), (17, 6), (7, 17), (9, 8), (19, 9), (11, 15), (18, 12), (13, 16), (14, 18)]
obj:5.678
regret:5.678000000000001
sol:[(0, 3), (0, 5), (8, 0), (11, 0), (14, 0), (0, 16), (1, 17), (18, 1), (2, 4), (12, 2), (3, 18), (4, 11), (5, 13), (6, 9), (16, 6), (7, 8), (19, 7), (9, 20), (13, 10), (10, 19), (15, 12), (20, 14), (17, 15)]
obj:5.828000000000001
regret:5.828000000000001
sol:[(0, 5), (0, 6), (0, 10), (14, 0), (15, 0), (17, 0), (19, 0), (0, 20), (4, 1), (1, 18), (9, 2), (2, 15), (3, 11), (20, 3), (5, 4), (6, 8), (18, 7), (7, 19), (8, 9), (10, 12), (11, 16), (12, 13), (13, 14), (16, 17)]
obj:5.672999999999998
regret:5.665000000000001
sol:[(0, 1), (5, 0), (6, 0), (8, 0), (13, 0), (0, 14), (0, 17), (0, 19), (1, 9), (2, 8), (20, 2), (4, 3), (3, 6), (10, 4), (12, 5), (7, 15), (17, 7), (9, 10), (14, 11), (11, 18), (18, 12), (15, 13), (19, 16), (16, 20)]
obj:6.3759999999999994
regret:6.337999999999999
sol:[(4, 0), (0, 5), (8, 0), (9, 0), (0, 11), (13, 0), (0, 14), (15, 0), (0, 17), (0, 19), (2, 1), (1, 4), (16, 2), (14, 3), (3, 15), (5, 20), (6, 9), (20, 6), (7, 12), (19, 7), (18, 8), (12, 10), (10, 13), (11, 18), (17, 16)]
obj:6.077000000000001
regret:6.0120000000000005
sol:[(1, 0), (0, 3), (6, 0), (9, 0), (0, 14), (16, 0), (0, 17), (0, 19), (12, 1), (15, 2), (2, 20), (3, 4), (4, 9), (5, 11), (19, 5), (10, 6), (11, 7), (7, 15), (8, 13), (17, 8), (18, 10), (13, 12), (14, 18), (20, 16)]
obj:5.266999999999998
regret:5.007999999999997
sol:[(0, 1), (5, 0), (8, 0), (0, 9), (11, 0), (0, 15), (0, 18), (20, 0), (1, 12), (2, 3), (13, 2), (3, 8), (4, 11), (14, 4), (16, 5), (6, 16), (17, 6), (7, 10), (12, 7), (9, 19), (10, 20), (15, 13), (19, 14), (18, 17)]
obj:5.952999999999997
regret:5.803999999999997
sol:[(1, 0), (5, 0), (0, 6), (11, 0), (0, 14), (15, 0), (0, 16), (0, 17), (0, 18), (20, 0), (14, 1), (6, 2), (2, 11), (4, 3), (3, 9), (16, 4), (10, 5), (8, 7), (7, 13), (19, 8), (9, 15), (12, 10), (17, 12), (13, 20), (18, 19)]
obj:7.012000000000001
regret:7.0120000000000005
sol:[(0, 1), (5, 0), (6, 0), (0, 7), (0, 9), (0, 14), (16, 0), (20, 0), (1, 6), (17, 2), (2, 20), (14, 3), (3, 15), (15, 4), (4, 16), (13, 5), (7, 18), (11, 8), (8, 13), (9, 10), (10, 19), (18, 11), (12, 17), (19, 12)]
obj:5.551000000000001
regret:5.505000000000001
sol:[(0, 6), (0, 7), (8, 0), (10, 0), (0, 14), (0, 16), (17, 0), (18, 0), (9, 1), (1, 20), (2, 13), (14, 2), (3, 10), (20, 3), (7, 4), (4, 8), (5, 11), (19, 5), (6, 15), (16, 9), (11, 17), (13, 12), (12, 18), (15, 19)]
obj:5.548
regret:5.547999999999998
sol:[(0, 5), (6, 0), (0, 7), (8, 0), (9, 0), (0, 10), (12, 0), (0, 20), (13, 1), (1, 14), (2, 4), (5, 2), (3, 12), (16, 3), (4, 18), (14, 6), (7, 13), (18, 8), (11, 9), (10, 17), (19, 11), (15, 19), (20, 15), (17, 16)]
obj:6.813
regret:6.748000000000001
sol:[(0, 2), (0, 3), (6, 0), (0, 9), (12, 0), (14, 0), (15, 0), (0, 19), (3, 1), (1, 8), (2, 20), (4, 10), (17, 4), (5, 6), (11, 5), (7, 17), (20, 7), (8, 14), (9, 18), (10, 15), (13, 11), (16, 12), (18, 13), (19, 16)]
obj:8.217000000000002
regret:8.217
sol:[(0, 2), (0, 4), (4, 0), (0, 5), (6, 0), (11, 0), (0, 15), (0, 16), (17, 0), (18, 0), (1, 13), (16, 1), (2, 14), (3, 19), (20, 3), (5, 10), (7, 6), (13, 7), (14, 8), (8, 17), (12, 9), (9, 20), (10, 18), (19, 11), (15, 12)]
obj:6.813999986973684
regret:6.720999999999998
sol:[(0, 3), (7, 0), (10, 0), (12, 0), (0, 13), (0, 14), (15, 0), (0, 16), (1, 4), (16, 1), (2, 10), (19, 2), (3, 18), (4, 5), (5, 17), (14, 6), (6, 19), (17, 7), (8, 9), (13, 8), (9, 12), (11, 15), (20, 11), (18, 20)]
obj:6.748999999999935
regret:6.459999999999999
sol:[(0, 2), (0, 4), (0, 6), (9, 0), (10, 0), (18, 0), (0, 19), (20, 0), (3, 1), (1, 17), (2, 3), (4, 20), (5, 7), (12, 5), (6, 12), (7, 13), (8, 11), (19, 8), (16, 9), (13, 10), (11, 15), (15, 14), (14, 18), (17, 16)]
obj:5.0139999999999985
regret:5.009
sol:[(0, 2), (4, 0), (5, 0), (0, 10), (0, 15), (17, 0), (18, 0), (0, 20), (9, 1), (1, 13), (2, 8), (3, 9), (15, 3), (14, 4), (7, 5), (6, 7), (11, 6), (8, 16), (10, 14), (12, 11), (19, 12), (13, 18), (16, 17), (20, 19)]
